* using log directory ‘/Users/josh/My Drive/R/consumeR/consumeR.Rcheck’
* using R version 4.5.2 (2025-10-31)
* using platform: aarch64-apple-darwin20
* R was compiled by
    Apple clang version 16.0.0 (clang-1600.0.26.6)
    GNU Fortran (GCC) 14.2.0
* running under: macOS Sequoia 15.6.1
* using session charset: UTF-8
* using option ‘--as-cran’
* checking for file ‘consumeR/DESCRIPTION’ ... OK
* checking extension type ... Package
* this is package ‘consumeR’ version ‘0.1.0’
* package encoding: UTF-8
* checking CRAN incoming feasibility ... [4s/14s] NOTE
Maintainer: ‘Josh Gonzales <joshgonzalesphd@gmail.com>’

New submission

License components with restrictions and base license permitting such:
  MIT + file LICENSE
File 'LICENSE':
  MIT License
  
  Copyright (c) 2026 Josh Gonzales
  
  Permission is hereby granted, free of charge, to any person obtaining a copy
  of this software and associated documentation files (the "Software"), to deal
  in the Software without restriction, including without limitation the rights
  to use, copy, modify, merge, publish, distribute, sublicense, and/or sell
  copies of the Software, and to permit persons to whom the Software is
  furnished to do so, subject to the following conditions:
  
  The above copyright notice and this permission notice shall be included in all
  copies or substantial portions of the Software.
  
  THE SOFTWARE IS PROVIDED "AS IS", WITHOUT WARRANTY OF ANY KIND, EXPRESS OR
  IMPLIED, INCLUDING BUT NOT LIMITED TO THE WARRANTIES OF MERCHANTABILITY,
  FITNESS FOR A PARTICULAR PURPOSE AND NONINFRINGEMENT. IN NO EVENT SHALL THE
  AUTHORS OR COPYRIGHT HOLDERS BE LIABLE FOR ANY CLAIM, DAMAGES OR OTHER
  LIABILITY, WHETHER IN AN ACTION OF CONTRACT, TORT OR OTHERWISE, ARISING FROM,
  OUT OF OR IN CONNECTION WITH THE SOFTWARE OR THE USE OR OTHER DEALINGS IN THE
  SOFTWARE.
* checking package namespace information ... OK
* checking package dependencies ... ERROR
Packages suggested but not available:
  'janitor', 'lavaan', 'psych', 'broom', 'car', 'emmeans', 'sandwich',
  'lmtest', 'effectsize', 'correlation', 'lme4', 'lmerTest',
  'performance'

The suggested packages are required for a complete check.
Checking can be attempted without them by setting the environment
variable _R_CHECK_FORCE_SUGGESTS_ to a false value.

See section ‘The DESCRIPTION file’ in the ‘Writing R Extensions’
manual.
* DONE
Status: 1 ERROR, 1 NOTE
